2025-12-09 03:46:31 +00:00: 
2025-12-09 03:46:31 +00:00: > 01studio-portfolio@1.0.0 start /root/01studio/me
2025-12-09 03:46:31 +00:00: > next start
2025-12-09 03:46:31 +00:00: 
2025-12-09 03:46:32 +00:00:    ▲ Next.js 15.5.7
2025-12-09 03:46:32 +00:00:    - Local:        http://localhost:3002
2025-12-09 03:46:32 +00:00:    - Network:      http://213.21.246.130:3002
2025-12-09 03:46:32 +00:00: 
2025-12-09 03:46:32 +00:00:  ✓ Starting...
2025-12-09 03:46:33 +00:00:  ELIFECYCLE  Command failed with exit code 1.
2025-12-09 03:47:25 +00:00: 
2025-12-09 03:47:25 +00:00: > 01studio-portfolio@1.0.0 dev /root/01studio/me
2025-12-09 03:47:25 +00:00: > next dev
2025-12-09 03:47:25 +00:00: 
2025-12-09 03:47:28 +00:00:    ▲ Next.js 15.5.7
2025-12-09 03:47:28 +00:00:    - Local:        http://localhost:3002
2025-12-09 03:47:28 +00:00:    - Network:      http://213.21.246.130:3002
2025-12-09 03:47:28 +00:00:    - Environments: .env.local
2025-12-09 03:47:28 +00:00:    - Experiments (use with caution):
2025-12-09 03:47:28 +00:00:      · isrMemoryCacheSize: 0
2025-12-09 03:47:28 +00:00: 
2025-12-09 03:47:28 +00:00:  ✓ Starting...
2025-12-09 03:47:37 +00:00:  ✓ Ready in 9.1s
2025-12-09 03:50:02 +00:00:  ○ Compiling / ...
2025-12-09 03:51:41 +00:00:  POST / 500 in 9939ms
2025-12-09 03:51:41 +00:00:  POST / 500 in 117ms
2025-12-09 03:51:59 +00:00:  GET / 500 in 611ms
2025-12-09 03:51:59 +00:00:  GET / 500 in 167ms
2025-12-09 03:52:09 +00:00:  POST / 500 in 440ms
2025-12-09 03:52:09 +00:00:  POST / 500 in 127ms
2025-12-09 03:52:16 +00:00:  GET / 500 in 415ms
2025-12-09 03:52:16 +00:00:  GET / 500 in 101ms
2025-12-09 03:52:21 +00:00:  GET /wp-includes/admin.php 500 in 188ms
2025-12-09 03:52:21 +00:00:  GET /wp-includes/admin.php 500 in 94ms
2025-12-09 03:52:21 +00:00:  GET /wp-includes/admin.php 500 in 212ms
2025-12-09 03:52:21 +00:00:  GET /wp-includes/admin.php 500 in 117ms
2025-12-09 03:52:45 +00:00:  POST / 500 in 420ms
2025-12-09 03:52:45 +00:00:  POST / 500 in 111ms
2025-12-09 03:54:57 +00:00:    ▲ Next.js 15.5.7
2025-12-09 03:54:57 +00:00:    - Local:        http://localhost:3002
2025-12-09 03:54:57 +00:00:    - Network:      http://213.21.246.130:3002
2025-12-09 03:54:57 +00:00:    - Environments: .env.local
2025-12-09 03:54:57 +00:00: 
2025-12-09 03:54:57 +00:00:  ✓ Starting...
2025-12-09 03:55:05 +00:00: 
2025-12-09 03:55:05 +00:00: > 01studio-portfolio@1.0.0 dev /root/01studio/me
2025-12-09 03:55:05 +00:00: > next dev
2025-12-09 03:55:05 +00:00: 
2025-12-09 03:55:09 +00:00: [?25h
2025-12-09 03:55:09 +00:00: 
2025-12-09 03:59:19 +00:00: 
2025-12-09 03:59:19 +00:00: > 01studio-portfolio@1.0.0 dev /root/01studio/me
2025-12-09 03:59:19 +00:00: > next dev
2025-12-09 03:59:19 +00:00: 
2025-12-09 03:59:23 +00:00:    ▲ Next.js 15.5.7
2025-12-09 03:59:23 +00:00:    - Local:        http://localhost:3002
2025-12-09 03:59:23 +00:00:    - Network:      http://213.21.246.130:3002
2025-12-09 03:59:23 +00:00:    - Environments: .env.local
2025-12-09 03:59:23 +00:00: 
2025-12-09 03:59:23 +00:00:  ✓ Starting...
2025-12-09 03:59:30 +00:00:  ✓ Ready in 8.5s
2025-12-09 04:00:15 +00:00:  ○ Compiling / ...
2025-12-09 04:02:39 +00:00:  GET / 500 in 492ms
2025-12-09 04:02:39 +00:00:  GET / 500 in 156ms
2025-12-09 04:03:50 +00:00: 
2025-12-09 04:03:50 +00:00: > 01studio-portfolio@1.0.0 dev /root/01studio/me
2025-12-09 04:03:50 +00:00: > next dev
2025-12-09 04:03:50 +00:00: 
2025-12-09 04:03:54 +00:00: [?25h
2025-12-09 04:03:54 +00:00: 
2025-12-09 04:06:47 +00:00: 
2025-12-09 04:06:47 +00:00: > 01studio-portfolio@1.0.0 dev /root/01studio/me
2025-12-09 04:06:47 +00:00: > next dev
2025-12-09 04:06:47 +00:00: 
2025-12-09 04:06:51 +00:00: [?25h
2025-12-09 04:06:51 +00:00: 
2025-12-09 04:07:59 +00:00: 
2025-12-09 04:07:59 +00:00: > 01studio-portfolio@1.0.0 dev /root/01studio/me
2025-12-09 04:07:59 +00:00: > next dev
2025-12-09 04:07:59 +00:00: 
2025-12-09 04:08:03 +00:00:    ▲ Next.js 15.5.7
2025-12-09 04:08:03 +00:00:    - Local:        http://localhost:3002
2025-12-09 04:08:03 +00:00:    - Network:      http://213.21.246.130:3002
2025-12-09 04:08:03 +00:00:    - Environments: .env.local
2025-12-09 04:08:03 +00:00: 
2025-12-09 04:08:03 +00:00:  ✓ Starting...
2025-12-09 04:08:10 +00:00:  ✓ Ready in 8s
2025-12-09 04:08:46 +00:00:  ○ Compiling / ...
2025-12-09 04:10:16 +00:00:  GET / 500 in 72883ms
2025-12-09 04:10:16 +00:00:  GET / 500 in 228ms
2025-12-09 04:11:54 +00:00:  GET / 500 in 673ms
2025-12-09 04:11:54 +00:00:  GET / 500 in 125ms
2025-12-09 04:12:45 +00:00:  GET /owa/auth/logon.aspx 500 in 265ms
2025-12-09 04:12:45 +00:00:  GET /owa/auth/logon.aspx 500 in 138ms
2025-12-09 04:12:47 +00:00:  GET / 500 in 500ms
2025-12-09 04:12:47 +00:00:  GET / 500 in 143ms
2025-12-09 04:12:54 +00:00:  GET / 500 in 489ms
2025-12-09 04:12:54 +00:00:  GET / 500 in 137ms
2025-12-09 04:13:52 +00:00:  POST / 500 in 623ms
2025-12-09 04:13:52 +00:00:  POST / 500 in 193ms
2025-12-09 04:14:05 +00:00:  POST /_next/flight 500 in 309ms
2025-12-09 04:14:05 +00:00:  POST /_next/flight 500 in 153ms
2025-12-09 04:14:08 +00:00:  POST /_react/flight 500 in 244ms
2025-12-09 04:14:08 +00:00:  POST /_react/flight 500 in 120ms
2025-12-09 04:14:17 +00:00:  POST /_next/server-actions 500 in 257ms
2025-12-09 04:14:17 +00:00:  POST /_next/server-actions 500 in 119ms
2025-12-09 04:14:28 +00:00:  POST /_next/webpack-hmr 500 in 228ms
2025-12-09 04:14:28 +00:00:  POST /_next/webpack-hmr 500 in 139ms
2025-12-09 04:14:39 +00:00:  POST /_next/turbopack/flight 500 in 276ms
2025-12-09 04:14:39 +00:00:  POST /_next/turbopack/flight 500 in 122ms
2025-12-09 04:14:49 +00:00:  POST /api/login 500 in 205ms
2025-12-09 04:14:49 +00:00:  POST /api/login 500 in 128ms
2025-12-09 04:14:58 +00:00: 
2025-12-09 04:14:58 +00:00: > 01studio-portfolio@1.0.0 dev /root/01studio/me
2025-12-09 04:14:58 +00:00: > next dev
2025-12-09 04:14:58 +00:00: 
2025-12-09 04:15:03 +00:00: [?25h
2025-12-09 04:15:03 +00:00: 
2025-12-09 04:16:54 +00:00: 
2025-12-09 04:16:54 +00:00: > 01studio-portfolio@1.0.0 dev /root/01studio/me
2025-12-09 04:16:54 +00:00: > next dev
2025-12-09 04:16:54 +00:00: 
2025-12-09 04:16:57 +00:00:    ▲ Next.js 15.5.7
2025-12-09 04:16:57 +00:00:    - Local:        http://localhost:3002
2025-12-09 04:16:57 +00:00:    - Network:      http://213.21.246.130:3002
2025-12-09 04:16:57 +00:00:    - Environments: .env.local
2025-12-09 04:16:57 +00:00: 
2025-12-09 04:16:57 +00:00:  ✓ Starting...
2025-12-09 04:17:04 +00:00:  ✓ Ready in 7.7s
2025-12-09 04:17:05 +00:00:  ○ Compiling /_not-found ...
2025-12-09 04:17:51 +00:00:  ✓ Compiled /_not-found in 13s (240 modules)
2025-12-09 04:17:57 +00:00:  ○ Compiling /_error ...
2025-12-09 04:19:03 +00:00:  POST / 500 in 5496ms
2025-12-09 04:19:03 +00:00:  POST / 500 in 214ms
2025-12-09 04:19:03 +00:00:  POST / 500 in 11637ms
2025-12-09 04:19:03 +00:00:  POST / 500 in 218ms
2025-12-09 04:20:41 +00:00:  ✓ Compiled /_not-found in 6s (528 modules)
2025-12-09 04:20:43 +00:00:  ✓ Compiled in 2s (423 modules)
2025-12-09 04:21:02 +00:00:  ○ Compiling /_not-found ...
2025-12-09 04:21:05 +00:00:  GET /wp-includes/admin.php 500 in 197ms
2025-12-09 04:21:05 +00:00:  GET /wp-includes/admin.php 500 in 85ms
2025-12-09 04:21:20 +00:00:  GET / 500 in 6728ms
2025-12-09 04:21:20 +00:00:  GET / 500 in 133ms
2025-12-09 04:21:20 +00:00:  GET / 500 in 425ms
2025-12-09 04:21:20 +00:00:  GET / 500 in 125ms
