2025-12-09 03:46:32 +00:00:  ⚠ Invalid next.config.js options detected: 
2025-12-09 03:46:32 +00:00:  ⚠     Unrecognized key(s) in object: 'isrMemoryCacheSize' at "experimental"
2025-12-09 03:46:32 +00:00:  ⚠ See more info here: https://nextjs.org/docs/messages/invalid-next-config
2025-12-09 03:46:33 +00:00: [Error: Could not find a production build in the '.next' directory. Try building your app with 'next build' before starting the production server. https://nextjs.org/docs/messages/production-start-no-build-id]
2025-12-09 03:47:25 +00:00:  ⚠ You are using a non-standard "NODE_ENV" value in your environment. This creates inconsistencies in the project and is strongly advised against. Read more: https://nextjs.org/docs/messages/non-standard-node-env
2025-12-09 03:47:26 +00:00:  ⚠ Invalid next.config.js options detected: 
2025-12-09 03:47:26 +00:00:  ⚠     Unrecognized key(s) in object: 'isrMemoryCacheSize' at "experimental"
2025-12-09 03:47:26 +00:00:  ⚠ See more info here: https://nextjs.org/docs/messages/invalid-next-config
2025-12-09 03:50:46 +00:00:  ⨯ ./app/globals.css
2025-12-09 03:50:46 +00:00: Module parse failed: Unexpected character '@' (1:0)
2025-12-09 03:50:46 +00:00: > @tailwind base;
2025-12-09 03:50:46 +00:00: | @tailwind components;
2025-12-09 03:50:46 +00:00: | @tailwind utilities;
2025-12-09 03:50:46 +00:00: 
2025-12-09 03:50:46 +00:00: Import trace for requested module:
2025-12-09 03:50:46 +00:00: ./app/globals.css
2025-12-09 03:50:46 +00:00: ./app/layout.tsx
2025-12-09 03:50:56 +00:00:  ⨯ ./app/globals.css
2025-12-09 03:50:56 +00:00: Module parse failed: Unexpected character '@' (1:0)
2025-12-09 03:50:56 +00:00: > @tailwind base;
2025-12-09 03:50:56 +00:00: | @tailwind components;
2025-12-09 03:50:56 +00:00: | @tailwind utilities;
2025-12-09 03:50:56 +00:00: 
2025-12-09 03:50:56 +00:00: Import trace for requested module:
2025-12-09 03:50:56 +00:00: ./app/globals.css
2025-12-09 03:50:56 +00:00: ./app/layout.tsx
2025-12-09 03:51:38 +00:00:  ⨯ ./app/globals.css
2025-12-09 03:51:38 +00:00: Module parse failed: Unexpected character '@' (1:0)
2025-12-09 03:51:38 +00:00: > @tailwind base;
2025-12-09 03:51:38 +00:00: | @tailwind components;
2025-12-09 03:51:38 +00:00: | @tailwind utilities;
2025-12-09 03:51:38 +00:00: 
2025-12-09 03:51:38 +00:00: Import trace for requested module:
2025-12-09 03:51:38 +00:00: ./app/globals.css
2025-12-09 03:51:38 +00:00: ./app/layout.tsx
2025-12-09 03:51:39 +00:00:  ⨯ ./app/globals.css
2025-12-09 03:51:39 +00:00: Module parse failed: Unexpected character '@' (1:0)
2025-12-09 03:51:39 +00:00: > @tailwind base;
2025-12-09 03:51:39 +00:00: | @tailwind components;
2025-12-09 03:51:39 +00:00: | @tailwind utilities;
2025-12-09 03:51:39 +00:00: 
2025-12-09 03:51:39 +00:00: Import trace for requested module:
2025-12-09 03:51:39 +00:00: ./app/globals.css
2025-12-09 03:51:39 +00:00: ./app/layout.tsx
2025-12-09 03:51:40 +00:00:  ⨯ [Error: ENOENT: no such file or directory, open '/root/01studio/me/.next/required-server-files.json'] {
2025-12-09 03:51:40 +00:00:   errno: -2,
2025-12-09 03:51:40 +00:00:   code: 'ENOENT',
2025-12-09 03:51:40 +00:00:   syscall: 'open',
2025-12-09 03:51:40 +00:00:   path: '/root/01studio/me/.next/required-server-files.json'
2025-12-09 03:51:40 +00:00: }
2025-12-09 03:51:41 +00:00: [Error: ENOENT: no such file or directory, open '/root/01studio/me/.next/required-server-files.json'] {
2025-12-09 03:51:41 +00:00:   errno: -2,
2025-12-09 03:51:41 +00:00:   code: 'ENOENT',
2025-12-09 03:51:41 +00:00:   syscall: 'open',
2025-12-09 03:51:41 +00:00:   path: '/root/01studio/me/.next/required-server-files.json'
2025-12-09 03:51:41 +00:00: }
2025-12-09 03:51:41 +00:00: [Error: ENOENT: no such file or directory, open '/root/01studio/me/.next/required-server-files.json'] {
2025-12-09 03:51:41 +00:00:   errno: -2,
2025-12-09 03:51:41 +00:00:   code: 'ENOENT',
2025-12-09 03:51:41 +00:00:   syscall: 'open',
2025-12-09 03:51:41 +00:00:   path: '/root/01studio/me/.next/required-server-files.json'
2025-12-09 03:51:41 +00:00: }
2025-12-09 03:51:41 +00:00:  ⨯ [Error: ENOENT: no such file or directory, open '/root/01studio/me/.next/required-server-files.json'] {
2025-12-09 03:51:41 +00:00:   errno: -2,
2025-12-09 03:51:41 +00:00:   code: 'ENOENT',
2025-12-09 03:51:41 +00:00:   syscall: 'open',
2025-12-09 03:51:41 +00:00:   path: '/root/01studio/me/.next/required-server-files.json'
2025-12-09 03:51:41 +00:00: }
2025-12-09 03:51:41 +00:00: [Error: ENOENT: no such file or directory, open '/root/01studio/me/.next/required-server-files.json'] {
2025-12-09 03:51:41 +00:00:   errno: -2,
2025-12-09 03:51:41 +00:00:   code: 'ENOENT',
2025-12-09 03:51:41 +00:00:   syscall: 'open',
2025-12-09 03:51:41 +00:00:   path: '/root/01studio/me/.next/required-server-files.json'
2025-12-09 03:51:41 +00:00: }
2025-12-09 03:51:41 +00:00: [Error: ENOENT: no such file or directory, open '/root/01studio/me/.next/required-server-files.json'] {
2025-12-09 03:51:41 +00:00:   errno: -2,
2025-12-09 03:51:41 +00:00:   code: 'ENOENT',
2025-12-09 03:51:41 +00:00:   syscall: 'open',
2025-12-09 03:51:41 +00:00:   path: '/root/01studio/me/.next/required-server-files.json'
2025-12-09 03:51:41 +00:00: }
2025-12-09 03:51:41 +00:00: <w> [webpack.cache.PackFileCacheStrategy] Caching failed for pack: Error: ENOSPC: no space left on device, write
2025-12-09 03:51:41 +00:00: <w> [webpack.cache.PackFileCacheStrategy] Caching failed for pack: Error: ENOSPC: no space left on device, write
2025-12-09 03:51:58 +00:00:  ⨯ [Error: ENOENT: no such file or directory, open '/root/01studio/me/.next/required-server-files.json'] {
2025-12-09 03:51:58 +00:00:   errno: -2,
2025-12-09 03:51:58 +00:00:   code: 'ENOENT',
2025-12-09 03:51:58 +00:00:   syscall: 'open',
2025-12-09 03:51:58 +00:00:   path: '/root/01studio/me/.next/required-server-files.json'
2025-12-09 03:51:58 +00:00: }
2025-12-09 03:51:58 +00:00: [Error: ENOENT: no such file or directory, open '/root/01studio/me/.next/required-server-files.json'] {
2025-12-09 03:51:58 +00:00:   errno: -2,
2025-12-09 03:51:58 +00:00:   code: 'ENOENT',
2025-12-09 03:51:58 +00:00:   syscall: 'open',
2025-12-09 03:51:58 +00:00:   path: '/root/01studio/me/.next/required-server-files.json'
2025-12-09 03:51:58 +00:00: }
2025-12-09 03:51:59 +00:00: [Error: ENOENT: no such file or directory, open '/root/01studio/me/.next/required-server-files.json'] {
2025-12-09 03:51:59 +00:00:   errno: -2,
2025-12-09 03:51:59 +00:00:   code: 'ENOENT',
2025-12-09 03:51:59 +00:00:   syscall: 'open',
2025-12-09 03:51:59 +00:00:   path: '/root/01studio/me/.next/required-server-files.json'
2025-12-09 03:51:59 +00:00: }
2025-12-09 03:52:08 +00:00:  ⨯ [Error: ENOENT: no such file or directory, open '/root/01studio/me/.next/required-server-files.json'] {
2025-12-09 03:52:08 +00:00:   errno: -2,
2025-12-09 03:52:08 +00:00:   code: 'ENOENT',
2025-12-09 03:52:08 +00:00:   syscall: 'open',
2025-12-09 03:52:08 +00:00:   path: '/root/01studio/me/.next/required-server-files.json'
2025-12-09 03:52:08 +00:00: }
2025-12-09 03:52:09 +00:00: [Error: ENOENT: no such file or directory, open '/root/01studio/me/.next/required-server-files.json'] {
2025-12-09 03:52:09 +00:00:   errno: -2,
2025-12-09 03:52:09 +00:00:   code: 'ENOENT',
2025-12-09 03:52:09 +00:00:   syscall: 'open',
2025-12-09 03:52:09 +00:00:   path: '/root/01studio/me/.next/required-server-files.json'
2025-12-09 03:52:09 +00:00: }
2025-12-09 03:52:09 +00:00: [Error: ENOENT: no such file or directory, open '/root/01studio/me/.next/required-server-files.json'] {
2025-12-09 03:52:09 +00:00:   errno: -2,
2025-12-09 03:52:09 +00:00:   code: 'ENOENT',
2025-12-09 03:52:09 +00:00:   syscall: 'open',
2025-12-09 03:52:09 +00:00:   path: '/root/01studio/me/.next/required-server-files.json'
2025-12-09 03:52:09 +00:00: }
2025-12-09 03:52:16 +00:00:  ⨯ [Error: ENOENT: no such file or directory, open '/root/01studio/me/.next/required-server-files.json'] {
2025-12-09 03:52:16 +00:00:   errno: -2,
2025-12-09 03:52:16 +00:00:   code: 'ENOENT',
2025-12-09 03:52:16 +00:00:   syscall: 'open',
2025-12-09 03:52:16 +00:00:   path: '/root/01studio/me/.next/required-server-files.json'
2025-12-09 03:52:16 +00:00: }
2025-12-09 03:52:16 +00:00: [Error: ENOENT: no such file or directory, open '/root/01studio/me/.next/required-server-files.json'] {
2025-12-09 03:52:16 +00:00:   errno: -2,
2025-12-09 03:52:16 +00:00:   code: 'ENOENT',
2025-12-09 03:52:16 +00:00:   syscall: 'open',
2025-12-09 03:52:16 +00:00:   path: '/root/01studio/me/.next/required-server-files.json'
2025-12-09 03:52:16 +00:00: }
2025-12-09 03:52:16 +00:00: [Error: ENOENT: no such file or directory, open '/root/01studio/me/.next/required-server-files.json'] {
2025-12-09 03:52:16 +00:00:   errno: -2,
2025-12-09 03:52:16 +00:00:   code: 'ENOENT',
2025-12-09 03:52:16 +00:00:   syscall: 'open',
2025-12-09 03:52:16 +00:00:   path: '/root/01studio/me/.next/required-server-files.json'
2025-12-09 03:52:16 +00:00: }
2025-12-09 03:52:21 +00:00: [Error: ENOENT: no such file or directory, open '/root/01studio/me/.next/required-server-files.json'] {
2025-12-09 03:52:21 +00:00:   errno: -2,
2025-12-09 03:52:21 +00:00:   code: 'ENOENT',
2025-12-09 03:52:21 +00:00:   syscall: 'open',
2025-12-09 03:52:21 +00:00:   path: '/root/01studio/me/.next/required-server-files.json'
2025-12-09 03:52:21 +00:00: }
2025-12-09 03:52:21 +00:00: [Error: ENOENT: no such file or directory, open '/root/01studio/me/.next/required-server-files.json'] {
2025-12-09 03:52:21 +00:00:   errno: -2,
2025-12-09 03:52:21 +00:00:   code: 'ENOENT',
2025-12-09 03:52:21 +00:00:   syscall: 'open',
2025-12-09 03:52:21 +00:00:   path: '/root/01studio/me/.next/required-server-files.json'
2025-12-09 03:52:21 +00:00: }
2025-12-09 03:52:21 +00:00: [Error: ENOENT: no such file or directory, open '/root/01studio/me/.next/required-server-files.json'] {
2025-12-09 03:52:21 +00:00:   errno: -2,
2025-12-09 03:52:21 +00:00:   code: 'ENOENT',
2025-12-09 03:52:21 +00:00:   syscall: 'open',
2025-12-09 03:52:21 +00:00:   path: '/root/01studio/me/.next/required-server-files.json'
2025-12-09 03:52:21 +00:00: }
2025-12-09 03:52:21 +00:00: [Error: ENOENT: no such file or directory, open '/root/01studio/me/.next/required-server-files.json'] {
2025-12-09 03:52:21 +00:00:   errno: -2,
2025-12-09 03:52:21 +00:00:   code: 'ENOENT',
2025-12-09 03:52:21 +00:00:   syscall: 'open',
2025-12-09 03:52:21 +00:00:   path: '/root/01studio/me/.next/required-server-files.json'
2025-12-09 03:52:21 +00:00: }
2025-12-09 03:52:42 +00:00: [Error: ENOSPC: no space left on device, write] {
2025-12-09 03:52:42 +00:00:   errno: -28,
2025-12-09 03:52:42 +00:00:   code: 'ENOSPC',
2025-12-09 03:52:42 +00:00:   syscall: 'write'
2025-12-09 03:52:42 +00:00: }
2025-12-09 03:52:42 +00:00:  ⨯ unhandledRejection: [Error: ENOSPC: no space left on device, write] {
2025-12-09 03:52:42 +00:00:   errno: -28,
2025-12-09 03:52:42 +00:00:   code: 'ENOSPC',
2025-12-09 03:52:42 +00:00:   syscall: 'write'
2025-12-09 03:52:42 +00:00: }
2025-12-09 03:52:42 +00:00:  ⨯ unhandledRejection:  [Error: ENOSPC: no space left on device, write] {
2025-12-09 03:52:42 +00:00:   errno: -28,
2025-12-09 03:52:42 +00:00:   code: 'ENOSPC',
2025-12-09 03:52:42 +00:00:   syscall: 'write'
2025-12-09 03:52:42 +00:00: }
2025-12-09 03:52:42 +00:00: [Error: ENOSPC: no space left on device, write] {
2025-12-09 03:52:42 +00:00:   errno: -28,
2025-12-09 03:52:42 +00:00:   code: 'ENOSPC',
2025-12-09 03:52:42 +00:00:   syscall: 'write'
2025-12-09 03:52:42 +00:00: }
2025-12-09 03:52:42 +00:00:  ⨯ unhandledRejection: [Error: ENOSPC: no space left on device, write] {
2025-12-09 03:52:42 +00:00:   errno: -28,
2025-12-09 03:52:42 +00:00:   code: 'ENOSPC',
2025-12-09 03:52:42 +00:00:   syscall: 'write'
2025-12-09 03:52:42 +00:00: }
2025-12-09 03:52:42 +00:00:  ⨯ unhandledRejection:  [Error: ENOSPC: no space left on device, write] {
2025-12-09 03:52:42 +00:00:   errno: -28,
2025-12-09 03:52:42 +00:00:   code: 'ENOSPC',
2025-12-09 03:52:42 +00:00:   syscall: 'write'
2025-12-09 03:52:42 +00:00: }
2025-12-09 03:52:44 +00:00: <w> [webpack.cache.PackFileCacheStrategy] Caching failed for pack: Error: ENOSPC: no space left on device, write
2025-12-09 03:52:45 +00:00:  ⨯ [Error: ENOENT: no such2025-12-09 03:55:06 +00:00:  ⚠ You are using a non-standard "NODE_ENV" value in your environment. This creates inconsistencies in the project and is strongly advised against. Read more: https://nextjs.org/docs/messages/non-standard-node-env
2025-12-09 03:55:09 +00:00:  ⨯ Failed to start server
2025-12-09 03:55:09 +00:00: Error: listen EADDRINUSE: address already in use :::3002
2025-12-09 03:55:09 +00:00:     at <unknown> (Error: listen EADDRINUSE: address already in use :::3002)
2025-12-09 03:55:09 +00:00:     at new Promise (<anonymous>) {
2025-12-09 03:55:09 +00:00:   code: 'EADDRINUSE',
2025-12-09 03:55:09 +00:00:   errno: -98,
2025-12-09 03:55:09 +00:00:   syscall: 'listen',
2025-12-09 03:55:09 +00:00:   address: '::',
2025-12-09 03:55:09 +00:00:   port: 3002
2025-12-09 03:55:09 +00:00: }
2025-12-09 03:59:19 +00:00:  ⚠ You are using a non-standard "NODE_ENV" value in your environment. This creates inconsistencies in the project and is strongly advised against. Read more: https://nextjs.org/docs/messages/non-standard-node-env
2025-12-09 04:00:54 +00:00:  ⨯ ./app/globals.css
2025-12-09 04:00:54 +00:00: Module parse failed: Unexpected character '@' (1:0)
2025-12-09 04:00:54 +00:00: > @tailwind base;
2025-12-09 04:00:54 +00:00: | @tailwind components;
2025-12-09 04:00:54 +00:00: | @tailwind utilities;
2025-12-09 04:00:54 +00:00: 
2025-12-09 04:00:54 +00:00: Import trace for requested module:
2025-12-09 04:00:54 +00:00: ./app/globals.css
2025-12-09 04:00:54 +00:00: ./app/layout.tsx
2025-12-09 04:00:58 +00:00:  ⨯ ./app/globals.css
2025-12-09 04:00:58 +00:00: Module parse failed: Unexpected character '@' (1:0)
2025-12-09 04:00:58 +00:00: > @tailwind base;
2025-12-09 04:00:58 +00:00: | @tailwind components;
2025-12-09 04:00:58 +00:00: | @tailwind utilities;
2025-12-09 04:00:58 +00:00: 
2025-12-09 04:00:58 +00:00: Import trace for requested module:
2025-12-09 04:00:58 +00:00: ./app/globals.css
2025-12-09 04:00:58 +00:00: ./app/layout.tsx
2025-12-09 04:01:45 +00:00:  ⨯ ./app/globals.css
2025-12-09 04:01:45 +00:00: Module parse failed: Unexpected character '@' (1:0)
2025-12-09 04:01:45 +00:00: > @tailwind base;
2025-12-09 04:01:45 +00:00: | @tailwind components;
2025-12-09 04:01:45 +00:00: | @tailwind utilities;
2025-12-09 04:01:45 +00:00: 
2025-12-09 04:01:45 +00:00: Import trace for requested module:
2025-12-09 04:01:45 +00:00: ./app/globals.css
2025-12-09 04:01:45 +00:00: ./app/layout.tsx
2025-12-09 04:01:47 +00:00:  ⨯ [Error: ENOENT: no such file or directory, open '/root/01studio/me/.next/required-server-files.json'] {
2025-12-09 04:01:47 +00:00:   errno: -2,
2025-12-09 04:01:47 +00:00:   code: 'ENOENT',
2025-12-09 04:01:47 +00:00:   syscall: 'open',
2025-12-09 04:01:47 +00:00:   path: '/root/01studio/me/.next/required-server-files.json'
2025-12-09 04:01:47 +00:00: }
2025-12-09 04:01:47 +00:00:  ⨯ [Error: ENOENT: no such file or directory, open '/root/01studio/me/.next/required-server-files.json'] {
2025-12-09 04:01:47 +00:00:   errno: -2,
2025-12-09 04:01:47 +00:00:   code: 'ENOENT',
2025-12-09 04:01:47 +00:00:   syscall: 'open',
2025-12-09 04:01:47 +00:00:   path: '/root/01studio/me/.next/required-server-files.json'
2025-12-09 04:01:47 +00:00: }
2025-12-09 04:01:47 +00:00: [Error: ENOENT: no such file or directory, open '/root/01studio/me/.next/required-server-files.json'] {
2025-12-09 04:01:47 +00:00:   errno: -2,
2025-12-09 04:01:47 +00:00:   code: 'ENOENT',
2025-12-09 04:01:47 +00:00:   syscall: 'open',
2025-12-09 04:01:47 +00:00:   path: '/root/01studio/me/.next/required-server-files.json'
2025-12-09 04:01:47 +00:00: }
2025-12-09 04:01:47 +00:00: [Error: ENOENT: no such file or directory, open '/root/01studio/me/.next/required-server-files.json'] {
2025-12-09 04:01:47 +00:00:   errno: -2,
2025-12-09 04:01:47 +00:00:   code: 'ENOENT',
2025-12-09 04:01:47 +00:00:   syscall: 'open',
2025-12-09 04:01:47 +00:00:   path: '/root/01studio/me/.next/required-server-files.json'
2025-12-09 04:01:47 +00:00: }
2025-12-09 04:01:47 +00:00: [Error: ENOENT: no such file or directory, open '/root/01studio/me/.next/required-server-files.json'] {
2025-12-09 04:01:47 +00:00:   errno: -2,
2025-12-09 04:01:47 +00:00:   code: 'ENOENT',
2025-12-09 04:01:47 +00:00:   syscall: 'open',
2025-12-09 04:01:47 +00:00:   path: '/root/01studio/me/.next/required-server-files.json'
2025-12-09 04:01:47 +00:00: }
2025-12-09 04:01:47 +00:00: [Error: ENOENT: no such file or directory, open '/root/01studio/me/.next/required-server-files.json'] {
2025-12-09 04:01:47 +00:00:   errno: -2,
2025-12-09 04:01:47 +00:00:   code: 'ENOENT',
2025-12-09 04:01:47 +00:00:   syscall: 'open',
2025-12-09 04:01:47 +00:00:   path: '/root/01studio/me/.next/required-server-files.json'
2025-12-09 04:01:47 +00:00: }
2025-12-09 04:02:39 +00:00:  ⨯ [Error: ENOENT: no such file or directory, open '/root/01studio/me/.next/required-server-files.json'] {
2025-12-09 04:02:39 +00:00:   errno: -2,
2025-12-09 04:02:39 +00:00:   code: 'ENOENT',
2025-12-09 04:02:39 +00:00:   syscall: 'open',
2025-12-09 04:02:39 +00:00:   path: '/root/01studio/me/.next/required-server-files.json'
2025-12-09 04:02:39 +00:00: }
2025-12-09 04:02:39 +00:00: [Error: ENOENT: no such file or directory, open '/root/01studio/me/.next/required-server-files.json'] {
2025-12-09 04:02:39 +00:00:   errno: -2,
2025-12-09 04:02:39 +00:00:   code: 'ENOENT',
2025-12-09 04:02:39 +00:00:   syscall: 'open',
2025-12-09 04:02:39 +00:00:   path: '/root/01studio/me/.next/required-server-files.json'
2025-12-09 04:02:39 +00:00: }
2025-12-09 04:02:39 +00:00: [Error: ENOENT: no such file or directory, open '/root/01studio/me/.next/required-server-files.json'] {
2025-12-09 04:02:39 +00:00:   errno: -2,
2025-12-09 04:02:39 +00:00:   code: 'ENOENT',
2025-12-09 04:02:39 +00:00:   syscall: 'open',
2025-12-09 04:02:39 +00:00:   path: '/root/01studio/me/.next/required-server-files.json'
2025-12-09 04:02:39 +00:00: }
2025-12-09 04:03:51 +00:00:  ⚠ You are using a non-standard "NODE_ENV" value in your environment. This creates inconsistencies in the project and is strongly advised against. Read more: https://nextjs.org/docs/messages/non-standard-node-env
2025-12-09 04:03:53 +00:00:  ⨯ Failed to start server
2025-12-09 04:03:54 +00:00: Error: listen EADDRINUSE: address already in use :::3002
2025-12-09 04:03:54 +00:00:     at <unknown> (Error: listen EADDRINUSE: address already in use :::3002)
2025-12-09 04:03:54 +00:00:     at new Promise (<anonymous>) {
2025-12-09 04:03:54 +00:00:   code: 'EADDRINUSE',
2025-12-09 04:03:54 +00:00:   errno: -98,
2025-12-09 04:03:54 +00:00:   syscall: 'listen',
2025-12-09 04:03:54 +00:00:   address: '::',
2025-12-09 04:03:54 +00:00:   port: 3002
2025-12-09 04:03:54 +00:00: }
2025-12-09 04:06:47 +00:00:  ⚠ You are using a non-standard "NODE_ENV" value in your environment. This creates inconsistencies in the project and is strongly advised against. Read more: https://nextjs.org/docs/messages/non-standard-node-env
2025-12-09 04:06:51 +00:00:  ⨯ Failed to start server
2025-12-09 04:06:51 +00:00: Error: listen EADDRINUSE: address already in use :::3002
2025-12-09 04:06:51 +00:00:     at <unknown> (Error: listen EADDRINUSE: address already in use :::3002)
2025-12-09 04:06:51 +00:00:     at new Promise (<anonymous>) {
2025-12-09 04:06:51 +00:00:   code: 'EADDRINUSE',
2025-12-09 04:06:51 +00:00:   errno: -98,
2025-12-09 04:06:51 +00:00:   syscall: 'listen',
2025-12-09 04:06:51 +00:00:   address: '::',
2025-12-09 04:06:51 +00:00:   port: 3002
2025-12-09 04:06:51 +00:00: }
2025-12-09 04:07:59 +00:00:  ⚠ You are using a non-standard "NODE_ENV" value in your environment. This creates inconsistencies in the project and is strongly advised against. Read more: https://nextjs.org/docs/messages/non-standard-node-env
2025-12-09 04:09:25 +00:00:  ⨯ ./app/globals.css
2025-12-09 04:09:25 +00:00: Module parse failed: Unexpected character '@' (1:0)
2025-12-09 04:09:25 +00:00: > @tailwind base;
2025-12-09 04:09:25 +00:00: | @tailwind components;
2025-12-09 04:09:25 +00:00: | @tailwind utilities;
2025-12-09 04:09:25 +00:00: 
2025-12-09 04:09:25 +00:00: Import trace for requested module:
2025-12-09 04:09:25 +00:00: ./app/globals.css
2025-12-09 04:09:25 +00:00: ./app/layout.tsx
2025-12-09 04:09:28 +00:00:  ⨯ ./app/globals.css
2025-12-09 04:09:28 +00:00: Module parse failed: Unexpected character '@' (1:0)
2025-12-09 04:09:28 +00:00: > @tailwind base;
2025-12-09 04:09:28 +00:00: | @tailwind components;
2025-12-09 04:09:28 +00:00: | @tailwind utilities;
2025-12-09 04:09:28 +00:00: 
2025-12-09 04:09:28 +00:00: Import trace for requested module:
2025-12-09 04:09:28 +00:00: ./app/globals.css
2025-12-09 04:09:28 +00:00: ./app/layout.tsx
2025-12-09 04:10:15 +00:00:  ⨯ ./app/globals.css
2025-12-09 04:10:15 +00:00: Module parse failed: Unexpected character '@' (1:0)
2025-12-09 04:10:15 +00:00: > @tailwind base;
2025-12-09 04:10:15 +00:00: | @tailwind components;
2025-12-09 04:10:15 +00:00: | @tailwind utilities;
2025-12-09 04:10:15 +00:00: 
2025-12-09 04:10:15 +00:00: Import trace for requested module:
2025-12-09 04:10:15 +00:00: ./app/globals.css
2025-12-09 04:10:15 +00:00: ./app/layout.tsx
2025-12-09 04:10:15 +00:00:  ⨯ [Error: ENOENT: no such file or directory, open '/root/01studio/me/.next/required-server-files.json'] {
2025-12-09 04:10:15 +00:00:   errno: -2,
2025-12-09 04:10:15 +00:00:   code: 'ENOENT',
2025-12-09 04:10:15 +00:00:   syscall: 'open',
2025-12-09 04:10:15 +00:00:   path: '/root/01studio/me/.next/required-server-files.json'
2025-12-09 04:10:15 +00:00: }
2025-12-09 04:10:16 +00:00:  ⨯ [Error: ENOENT: no such file or directory, open '/root/01studio/me/.next/required-server-files.json'] {
2025-12-09 04:10:16 +00:00:   errno: -2,
2025-12-09 04:10:16 +00:00:   code: 'ENOENT',
2025-12-09 04:10:16 +00:00:   syscall: 'open',
2025-12-09 04:10:16 +00:00:   path: '/root/01studio/me/.next/required-server-files.json'
2025-12-09 04:10:16 +00:00: }
2025-12-09 04:10:16 +00:00: [Error: ENOENT: no such file or directory, open '/root/01studio/me/.next/required-server-files.json'] {
2025-12-09 04:10:16 +00:00:   errno: -2,
2025-12-09 04:10:16 +00:00:   code: 'ENOENT',
2025-12-09 04:10:16 +00:00:   syscall: 'open',
2025-12-09 04:10:16 +00:00:   path: '/root/01studio/me/.next/required-server-files.json'
2025-12-09 04:10:16 +00:00: }
2025-12-09 04:10:16 +00:00: [Error: ENOENT: no such file or directory, open '/root/01studio/me/.next/required-server-files.json'] {
2025-12-09 04:10:16 +00:00:   errno: -2,
2025-12-09 04:10:16 +00:00:   code: 'ENOENT',
2025-12-09 04:10:16 +00:00:   syscall: 'open',
2025-12-09 04:10:16 +00:00:   path: '/root/01studio/me/.next/required-server-files.json'
2025-12-09 04:10:16 +00:00: }
2025-12-09 04:10:16 +00:00: [Error: ENOENT: no such file or directory, open '/root/01studio/me/.next/required-server-files.json'] {
2025-12-09 04:10:16 +00:00:   errno: -2,
2025-12-09 04:10:16 +00:00:   code: 'ENOENT',
2025-12-09 04:10:16 +00:00:   syscall: 'open',
2025-12-09 04:10:16 +00:00:   path: '/root/01studio/me/.next/required-server-files.json'
2025-12-09 04:10:16 +00:00: }
2025-12-09 04:10:16 +00:00: [Error: ENOENT: no such file or directory, open '/root/01studio/me/.next/required-server-files.json'] {
2025-12-09 04:10:16 +00:00:   errno: -2,
2025-12-09 04:10:16 +00:00:   code: 'ENOENT',
2025-12-09 04:10:16 +00:00:   syscall: 'open',
2025-12-09 04:10:16 +00:00:   path: '/root/01studio/me/.next/required-server-files.json'
2025-12-09 04:10:16 +00:00: }
2025-12-09 04:11:53 +00:00:  ⨯ [Error: ENOENT: no such file or directory, open '/root/01studio/me/.next/required-server-files.json'] {
2025-12-09 04:11:53 +00:00:   errno: -2,
2025-12-09 04:11:53 +00:00:   code: 'ENOENT',
2025-12-09 04:11:53 +00:00:   syscall: 'open',
2025-12-09 04:11:53 +00:00:   path: '/root/01studio/me/.next/required-server-files.json'
2025-12-09 04:11:53 +00:00: }
2025-12-09 04:11:53 +00:00: [Error: ENOENT: no such file or directory, open '/root/01studio/me/.next/required-server-files.json'] {
2025-12-09 04:11:53 +00:00:   errno: -2,
2025-12-09 04:11:53 +00:00:   code: 'ENOENT',
2025-12-09 04:11:53 +00:00:   syscall: 'open',
2025-12-09 04:11:53 +00:00:   path: '/root/01studio/me/.next/required-server-files.json'
2025-12-09 04:11:53 +00:00: }
2025-12-09 04:11:54 +00:00: [Error: ENOENT: no such file or directory, open '/root/01studio/me/.next/required-server-files.json'] {
2025-12-09 04:11:54 +00:00:   errno: -2,
2025-12-09 04:11:54 +00:00:   code: 'ENOENT',
2025-12-09 04:11:54 +00:00:   syscall: 'open',
2025-12-09 04:11:54 +00:00:   path: '/root/01studio/me/.next/required-server-files.json'
2025-12-09 04:11:54 +00:00: }
2025-12-09 04:12:45 +00:00: [Error: ENOENT: no such file or directory, open '/root/01studio/me/.next/required-server-files.json'] {
2025-12-09 04:12:45 +00:00:   errno: -2,
2025-12-09 04:12:45 +00:00:   code: 'ENOENT',
2025-12-09 04:12:45 +00:00:   syscall: 'open',
2025-12-09 04:12:45 +00:00:   path: '/root/01studio/me/.next/required-server-files.json'
2025-12-09 04:12:45 +00:00: }
2025-12-09 04:12:45 +00:00: [Error: ENOENT: no such file or directory, open '/root/01studio/me/.next/required-server-files.json'] {
2025-12-09 04:12:45 +00:00:   errno: -2,
2025-12-09 04:12:45 +00:00:   code: 'ENOENT',
2025-12-09 04:12:45 +00:00:   syscall: 'open',
2025-12-09 04:12:45 +00:00:   path: '/root/01studio/me/.next/required-server-files.json'
2025-12-09 04:12:45 +00:00: }
2025-12-09 04:12:47 +00:00:  ⨯ [Error: ENOENT: no such file or directory, open '/root/01studio/me/.next/required-server-files.json'] {
2025-12-09 04:12:47 +00:00:   errno: -2,
2025-12-09 04:12:47 +00:00:   code: 'ENOENT',
2025-12-09 04:12:47 +00:00:   syscall: 'open',
2025-12-09 04:12:47 +00:00:   path: '/root/01studio/me/.next/required-server-files.json'
2025-12-09 04:12:47 +00:00: }
2025-12-09 04:12:47 +00:00: [Error: ENOENT: no such file or directory, open '/root/01studio/me/.next/required-server-files.json'] {
2025-12-09 04:12:47 +00:00:   errno: -2,
2025-12-09 04:12:47 +00:00:   code: 'ENOENT',
2025-12-09 04:12:47 +00:00:   syscall: 'open',
2025-12-09 04:12:47 +00:00:   path: '/root/01studio/me/.next/required-server-files.json'
2025-12-09 04:12:47 +00:00: }
2025-12-09 04:12:47 +00:00: [Error: ENOENT: no such file or directory, open '/root/01studio/me/.next/required-server-files.json'] {
2025-12-09 04:12:47 +00:00:   errno: -2,
2025-12-09 04:12:47 +00:00:   code: 'ENOENT',
2025-12-09 04:12:47 +00:00:   syscall: 'open',
2025-12-09 04:12:47 +00:00:   path: '/root/01studio/me/.next/required-server-files.json'
2025-12-09 04:12:47 +00:00: }
2025-12-09 04:12:53 +00:00:  ⨯ [Error: ENOENT: no such file or directory, open '/root/01studio/me/.next/required-server-files.json'] {
2025-12-09 04:12:53 +00:00:   errno: -2,
2025-12-09 04:12:53 +00:00:   code: 'ENOENT',
2025-12-09 04:12:53 +00:00:   syscall: 'open',
2025-12-09 04:12:53 +00:00:   path: '/root/01studio/me/.next/required-server-files.json'
2025-12-09 04:12:53 +00:00: }
2025-12-09 04:12:54 +00:00: [Error: ENOENT: no such file or directory, open '/root/01studio/me/.next/required-server-files.json'] {
2025-12-09 04:12:54 +00:00:   errno: -2,
2025-12-09 04:12:54 +00:00:   code: 'ENOENT',
2025-12-09 04:12:54 +00:00:   syscall: 'open',
2025-12-09 04:12:54 +00:00:   path: '/root/01studio/me/.next/required-server-files.json'
2025-12-09 04:12:54 +00:00: }
2025-12-09 04:12:54 +00:00: [Error: ENOENT: no such file or directory, open '/root/01studio/me/.next/required-server-files.json'] {
2025-12-09 04:12:54 +00:00:   errno: -2,
2025-12-09 04:12:54 +00:00:   code: 'ENOENT',
2025-12-09 04:12:54 +00:00:   syscall: 'open',
2025-12-09 04:12:54 +00:00:   path: '/root/01studio/me/.next/required-server-files.json'
2025-12-09 04:12:54 +00:00: }
2025-12-09 04:13:52 +00:00:  ⨯ [Error: ENOENT: no such file or directory, open '/root/01studio/me/.next/required-server-files.json'] {
2025-12-09 04:13:52 +00:00:   errno: -2,
2025-12-09 04:13:52 +00:00:   code: 'ENOENT',
2025-12-09 04:13:52 +00:00:   syscall: 'open',
2025-12-09 04:13:52 +00:00:   path: '/root/01studio/me/.next/required-server-files.json'
2025-12-09 04:13:52 +00:00: }
2025-12-09 04:13:52 +00:00: [Error: ENOENT: no such file or directory, open '/root/01studio/me/.next/required-server-files.json'] {
2025-12-09 04:13:52 +00:00:   errno: -2,
2025-12-09 04:13:52 +00:00:   code: 'ENOENT',
2025-12-09 04:13:52 +00:00:   syscall: 'open',
2025-12-09 04:13:52 +00:00:   path: '/root/01studio/me/.next/required-server-files.json'
2025-12-09 04:13:52 +00:00: }
2025-12-09 04:13:52 +00:00: [Error: ENOENT: no such file or directory, open '/root/01studio/me/.next/required-server-files.json'] {
2025-12-09 04:13:52 +00:00:   errno: -2,
2025-12-09 04:13:52 +00:00:   code: 'ENOENT',
2025-12-09 04:13:52 +00:00:   syscall: 'open',
2025-12-09 04:13:52 +00:00:   path: '/root/01studio/me/.next/required-server-files.json'
2025-12-09 04:13:52 +00:00: }
2025-12-09 04:14:05 +00:00: [Error: ENOENT: no such file or directory, open '/root/01studio/me/.next/required-server-files.json'] {
2025-12-09 04:14:05 +00:00:   errno: -2,
2025-12-09 04:14:05 +00:00:   code: 'ENOENT',
2025-12-09 04:14:05 +00:00:   syscall: 'open',
2025-12-09 04:14:05 +00:00:   path: '/root/01studio/me/.next/required-server-files.json'
2025-12-09 04:14:05 +00:00: }
2025-12-09 04:14:05 +00:00: [Error: ENOENT: no such file or directory, open '/root/01studio/me/.next/required-server-files.json'] {
2025-12-09 04:14:05 +00:00:   errno: -2,
2025-12-09 04:14:05 +00:00:   code: 'ENOENT',
2025-12-09 04:14:05 +00:00:   syscall: 'open',
2025-12-09 04:14:05 +00:00:   path: '/root/01studio/me/.next/required-server-files.json'
2025-12-09 04:14:05 +00:00: }
2025-12-09 04:14:08 +00:00: [Error: ENOENT: no such file or directory, open '/root/01studio/me/.next/required-server-files.json'] {
2025-12-09 04:14:08 +00:00:   errno: -2,
2025-12-09 04:14:08 +00:00:   code: 'ENOENT',
2025-12-09 04:14:08 +00:00:   syscall: 'open',
2025-12-09 04:14:08 +00:00:   path: '/root/01studio/me/.next/required-server-files.json'
2025-12-09 04:14:08 +00:00: }
2025-12-09 04:14:08 +00:00: [Error: ENOENT: no such file or directory, open '/root/01studio/me/.next/required-server-files.json'] {
2025-12-09 04:14:08 +00:00:   errno: -2,
2025-12-09 04:14:08 +00:00:   code: 'ENOENT',
2025-12-09 04:14:08 +00:00:   syscall: 'open',
2025-12-09 04:14:08 +00:00:   path: '/root/01studio/me/.next/required-server-files.json'
2025-12-09 04:14:08 +00:00: }
2025-12-09 04:14:17 +00:00: [Error: ENOENT: no such file or directory, open '/root/01studio/me/.next/required-server-files.json'] {
2025-12-09 04:14:17 +00:00:   errno: -2,
2025-12-09 04:14:17 +00:00:   code: 'ENOENT',
2025-12-09 04:14:17 +00:00:   syscall: 'open',
2025-12-09 04:14:17 +00:00:   path: '/root/01studio/me/.next/required-server-files.json'
2025-12-09 04:14:17 +00:00: }
2025-12-09 04:14:17 +00:00: [Error: ENOENT: no such file or directory, open '/root/01studio/me/.next/required-server-files.json'] {
2025-12-09 04:14:17 +00:00:   errno: -2,
2025-12-09 04:14:17 +00:00:   code: 'ENOENT',
2025-12-09 04:14:17 +00:00:   syscall: 'open',
2025-12-09 04:14:17 +00:00:   path: '/root/01studio/me/.next/required-server-files.json'
2025-12-09 04:14:17 +00:00: }
2025-12-09 04:14:28 +00:00: [Error: ENOENT: no such file or directory, open '/root/01studio/me/.next/required-server-files.json'] {
2025-12-09 04:14:28 +00:00:   errno: -2,
2025-12-09 04:14:28 +00:00:   code: 'ENOENT',
2025-12-09 04:14:28 +00:00:   syscall: 'open',
2025-12-09 04:14:28 +00:00:   path: '/root/01studio/me/.next/required-server-files.json'
2025-12-09 04:14:28 +00:00: }
2025-12-09 04:14:28 +00:00: [Error: ENOENT: no such file or directory, open '/root/01studio/me/.next/required-server-files.json'] {
2025-12-09 04:14:28 +00:00:   errno: -2,
2025-12-09 04:14:28 +00:00:   code: 'ENOENT',
2025-12-09 04:14:28 +00:00:   syscall: 'open',
2025-12-09 04:14:28 +00:00:   path: '/root/01studio/me/.next/required-server-files.json'
2025-12-09 04:14:28 +00:00: }
2025-12-09 04:14:39 +00:00: [Error: ENOENT: no such file or directory, open '/root/01studio/me/.next/required-server-files.json'] {
2025-12-09 04:14:39 +00:00:   errno: -2,
2025-12-09 04:14:39 +00:00:   code: 'ENOENT',
2025-12-09 04:14:39 +00:00:   syscall: 'open',
2025-12-09 04:14:39 +00:00:   path: '/root/01studio/me/.next/required-server-files.json'
2025-12-09 04:14:39 +00:00: }
2025-12-09 04:14:39 +00:00: [Error: ENOENT: no such file or directory, open '/root/01studio/me/.next/required-server-files.json'] {
2025-12-09 04:14:39 +00:00:   errno: -2,
2025-12-09 04:14:39 +00:00:   code: 'ENOENT',
2025-12-09 04:14:39 +00:00:   syscall: 'open',
2025-12-09 04:14:39 +00:00:   path: '/root/01studio/me/.next/required-server-files.json'
2025-12-09 04:14:39 +00:00: }
2025-12-09 04:14:49 +00:00: [Error: ENOENT: no such file or directory, open '/root/01studio/me/.next/required-server-files.json'] {
2025-12-09 04:14:49 +00:00:   errno: -2,
2025-12-09 04:14:49 +00:00:   code: 'ENOENT',
2025-12-09 04:14:49 +00:00:   syscall: 'open',
2025-12-09 04:14:49 +00:00:   path: '/root/01studio/me/.next/required-server-files.json'
2025-12-09 04:14:49 +00:00: }
2025-12-09 04:14:49 +00:00: [Error: ENOENT: no such file or directory, open '/root/01studio/me/.next/required-server-files.json'] {
2025-12-09 04:14:49 +00:00:   errno: -2,
2025-12-09 04:14:49 +00:00:   code: 'ENOENT',
2025-12-09 04:14:49 +00:00:   syscall: 'open',
2025-12-09 04:14:49 +00:00:   path: '/root/01studio/me/.next/required-server-files.json'
2025-12-09 04:14:49 +00:00: }
2025-12-09 04:14:59 +00:00:  ⚠ You are using a non-standard "NODE_ENV" value in your environment. This creates inconsistencies in the project and is strongly advised against. Read more: https://nextjs.org/docs/messages/non-standard-node-env
2025-12-09 04:15:02 +00:00:  ⨯ Failed to start server
2025-12-09 04:15:02 +00:00: Error: listen EADDRINUSE: address already in use :::3002
2025-12-09 04:15:02 +00:00:     at <unknown> (Error: listen EADDRINUSE: address already in use :::3002)
2025-12-09 04:15:02 +00:00:     at new Promise (<anonymous>) {
2025-12-09 04:15:02 +00:00:   code: 'EADDRINUSE',
2025-12-09 04:15:02 +00:00:   errno: -98,
2025-12-09 04:15:02 +00:00:   syscall: 'listen',
2025-12-09 04:15:02 +00:00:   address: '::',
2025-12-09 04:15:02 +00:00:   port: 3002
2025-12-09 04:15:02 +00:00: }
2025-12-09 04:16:54 +00:00:  ⚠ You are using a non-standard "NODE_ENV" value in your environment. This creates inconsistencies in the project and is strongly advised against. Read more: https://nextjs.org/docs/messages/non-standard-node-env
2025-12-09 04:17:37 +00:00:  ⨯ ./app/globals.css
2025-12-09 04:17:37 +00:00: Module parse failed: Unexpected character '@' (1:0)
2025-12-09 04:17:37 +00:00: > @tailwind base;
2025-12-09 04:17:37 +00:00: | @tailwind components;
2025-12-09 04:17:37 +00:00: | @tailwind utilities;
2025-12-09 04:17:37 +00:00: 
2025-12-09 04:17:37 +00:00: Import trace for requested module:
2025-12-09 04:17:37 +00:00: ./app/globals.css
2025-12-09 04:17:37 +00:00: ./app/layout.tsx
2025-12-09 04:18:10 +00:00:  ⨯ ./app/globals.css
2025-12-09 04:18:10 +00:00: Module parse failed: Unexpected character '@' (1:0)
2025-12-09 04:18:10 +00:00: > @tailwind base;
2025-12-09 04:18:10 +00:00: | @tailwind components;
2025-12-09 04:18:10 +00:00: | @tailwind utilities;
2025-12-09 04:18:10 +00:00: 
2025-12-09 04:18:10 +00:00: Import trace for requested module:
2025-12-09 04:18:10 +00:00: ./app/globals.css
2025-12-09 04:18:10 +00:00: ./app/layout.tsx
2025-12-09 04:18:11 +00:00: [Error: ENOENT: no such file or directory, open '/root/01studio/me/.next/required-server-files.json'] {
2025-12-09 04:18:11 +00:00:   errno: -2,
2025-12-09 04:18:11 +00:00:   code: 'ENOENT',
2025-12-09 04:18:11 +00:00:   syscall: 'open',
2025-12-09 04:18:11 +00:00:   path: '/root/01studio/me/.next/required-server-files.json'
2025-12-09 04:18:11 +00:00: }
2025-12-09 04:18:11 +00:00: [Error: ENOENT: no such file or directory, open '/root/01studio/me/.next/required-server-files.json'] {
2025-12-09 04:18:11 +00:00:   errno: -2,
2025-12-09 04:18:11 +00:00:   code: 'ENOENT',
2025-12-09 04:18:11 +00:00:   syscall: 'open',
2025-12-09 04:18:11 +00:00:   path: '/root/01studio/me/.next/required-server-files.json'
2025-12-09 04:18:11 +00:00: }
2025-12-09 04:19:01 +00:00:  ⨯ ./app/globals.css
2025-12-09 04:19:01 +00:00: Module parse failed: Unexpected character '@' (1:0)
2025-12-09 04:19:01 +00:00: > @tailwind base;
2025-12-09 04:19:01 +00:00: | @tailwind components;
2025-12-09 04:19:01 +00:00: | @tailwind utilities;
2025-12-09 04:19:01 +00:00: 
2025-12-09 04:19:01 +00:00: Import trace for requested module:
2025-12-09 04:19:01 +00:00: ./app/globals.css
2025-12-09 04:19:01 +00:00: ./app/layout.tsx
2025-12-09 04:19:02 +00:00:  ⨯ ./app/globals.css
2025-12-09 04:19:02 +00:00: Module parse failed: Unexpected character '@' (1:0)
2025-12-09 04:19:02 +00:00: > @tailwind base;
2025-12-09 04:19:02 +00:00: | @tailwind components;
2025-12-09 04:19:02 +00:00: | @tailwind utilities;
2025-12-09 04:19:02 +00:00: 
2025-12-09 04:19:02 +00:00: Import trace for requested module:
2025-12-09 04:19:02 +00:00: ./app/globals.css
2025-12-09 04:19:02 +00:00: ./app/layout.tsx
2025-12-09 04:19:03 +00:00:  ⨯ [Error: ENOENT: no such file or directory, open '/root/01studio/me/.next/required-server-files.json'] {
2025-12-09 04:19:03 +00:00:   errno: -2,
2025-12-09 04:19:03 +00:00:   code: 'ENOENT',
2025-12-09 04:19:03 +00:00:   syscall: 'open',
2025-12-09 04:19:03 +00:00:   path: '/root/01studio/me/.next/required-server-files.json'
2025-12-09 04:19:03 +00:00: }
2025-12-09 04:19:03 +00:00:  ⨯ [Error: ENOENT: no such file or directory, open '/root/01studio/me/.next/required-server-files.json'] {
2025-12-09 04:19:03 +00:00:   errno: -2,
2025-12-09 04:19:03 +00:00:   code: 'ENOENT',
2025-12-09 04:19:03 +00:00:   syscall: 'open',
2025-12-09 04:19:03 +00:00:   path: '/root/01studio/me/.next/required-server-files.json'
2025-12-09 04:19:03 +00:00: }
2025-12-09 04:19:03 +00:00: [Error: ENOENT: no such file or directory, open '/root/01studio/me/.next/required-server-files.json'] {
2025-12-09 04:19:03 +00:00:   errno: -2,
2025-12-09 04:19:03 +00:00:   code: 'ENOENT',
2025-12-09 04:19:03 +00:00:   syscall: 'open',
2025-12-09 04:19:03 +00:00:   path: '/root/01studio/me/.next/required-server-files.json'
2025-12-09 04:19:03 +00:00: }
2025-12-09 04:19:03 +00:00: [Error: ENOENT: no such file or directory, open '/root/01studio/me/.next/required-server-files.json'] {
2025-12-09 04:19:03 +00:00:   errno: -2,
2025-12-09 04:19:03 +00:00:   code: 'ENOENT',
2025-12-09 04:19:03 +00:00:   syscall: 'open',
2025-12-09 04:19:03 +00:00:   path: '/root/01studio/me/.next/required-server-files.json'
2025-12-09 04:19:03 +00:00: }
2025-12-09 04:19:03 +00:00: [Error: ENOENT: no such file or directory, open '/root/01studio/me/.next/required-server-files.json'] {
2025-12-09 04:19:03 +00:00:   errno: -2,
2025-12-09 04:19:03 +00:00:   code: 'ENOENT',
2025-12-09 04:19:03 +00:00:   syscall: 'open',
2025-12-09 04:19:03 +00:00:   path: '/root/01studio/me/.next/required-server-files.json'
2025-12-09 04:19:03 +00:00: }
2025-12-09 04:19:03 +00:00: [Error: ENOENT: no such file or directory, open '/root/01studio/me/.next/required-server-files.json'] {
2025-12-09 04:19:03 +00:00:   errno: -2,
2025-12-09 04:19:03 +00:00:   code: 'ENOENT',
2025-12-09 04:19:03 +00:00:   syscall: 'open',
2025-12-09 04:19:03 +00:00:   path: '/root/01studio/me/.next/required-server-files.json'
2025-12-09 04:19:03 +00:00: }
2025-12-09 04:21:03 +00:00:  ⨯ ./app/globals.css
2025-12-09 04:21:03 +00:00: Module parse failed: Unexpected character '@' (1:0)
2025-12-09 04:21:03 +00:00: > @tailwind base;
2025-12-09 04:21:03 +00:00: | @tailwind components;
2025-12-09 04:21:03 +00:00: | @tailwind utilities;
2025-12-09 04:21:03 +00:00: 
2025-12-09 04:21:03 +00:00: Import trace for requested module:
2025-12-09 04:21:03 +00:00: ./app/globals.css
2025-12-09 04:21:03 +00:00: ./app/layout.tsx
2025-12-09 04:21:04 +00:00:  ⨯ ./app/globals.css
2025-12-09 04:21:04 +00:00: Module parse failed: Unexpected character '@' (1:0)
2025-12-09 04:21:04 +00:00: > @tailwind base;
2025-12-09 04:21:04 +00:00: | @tailwind components;
2025-12-09 04:21:04 +00:00: | @tailwind utilities;
2025-12-09 04:21:04 +00:00: 
2025-12-09 04:21:04 +00:00: Import trace for requested module:
2025-12-09 04:21:04 +00:00: ./app/globals.css
2025-12-09 04:21:04 +00:00: ./app/layout.tsx
2025-12-09 04:21:04 +00:00: [Error: ENOENT: no such file or directory, open '/root/01studio/me/.next/required-server-files.json'] {
2025-12-09 04:21:04 +00:00:   errno: -2,
2025-12-09 04:21:04 +00:00:   code: 'ENOENT',
2025-12-09 04:21:04 +00:00:   syscall: 'open',
2025-12-09 04:21:04 +00:00:   path: '/root/01studio/me/.next/required-server-files.json'
2025-12-09 04:21:04 +00:00: }
2025-12-09 04:21:05 +00:00: [Error: ENOENT: no such file or directory, open '/root/01studio/me/.next/required-server-files.json'] {
2025-12-09 04:21:05 +00:00:   errno: -2,
2025-12-09 04:21:05 +00:00:   code: 'ENOENT',
2025-12-09 04:21:05 +00:00:   syscall: 'open',
2025-12-09 04:21:05 +00:00:   path: '/root/01studio/me/.next/required-server-files.json'
2025-12-09 04:21:05 +00:00: }
2025-12-09 04:21:05 +00:00: [Error: ENOENT: no such file or directory, open '/root/01studio/me/.next/required-server-files.json'] {
2025-12-09 04:21:05 +00:00:   errno: -2,
2025-12-09 04:21:05 +00:00:   code: 'ENOENT',
2025-12-09 04:21:05 +00:00:   syscall: 'open',
2025-12-09 04:21:05 +00:00:   path: '/root/01studio/me/.next/required-server-files.json'
2025-12-09 04:21:05 +00:00: }
2025-12-09 04:21:05 +00:00: [Error: ENOENT: no such file or directory, open '/root/01studio/me/.next/required-server-files.json'] {
2025-12-09 04:21:05 +00:00:   errno: -2,
2025-12-09 04:21:05 +00:00:   code: 'ENOENT',
2025-12-09 04:21:05 +00:00:   syscall: 'open',
2025-12-09 04:21:05 +00:00:   path: '/root/01studio/me/.next/required-server-files.json'
2025-12-09 04:21:05 +00:00: }
2025-12-09 04:21:10 +00:00:  ⨯ ./app/globals.css
2025-12-09 04:21:10 +00:00: Module parse failed: Unexpected character '@' (1:0)
2025-12-09 04:21:10 +00:00: > @tailwind base;
2025-12-09 04:21:10 +00:00: | @tailwind components;
2025-12-09 04:21:10 +00:00: | @tailwind utilities;
2025-12-09 04:21:10 +00:00: 
2025-12-09 04:21:10 +00:00: Import trace for requested module:
2025-12-09 04:21:10 +00:00: ./app/globals.css
2025-12-09 04:21:10 +00:00: ./app/layout.tsx
2025-12-09 04:21:19 +00:00:  ⨯ ./app/globals.css
2025-12-09 04:21:19 +00:00: Module parse failed: Unexpected character '@' (1:0)
2025-12-09 04:21:19 +00:00: > @tailwind base;
2025-12-09 04:21:19 +00:00: | @tailwind components;
2025-12-09 04:21:19 +00:00: | @tailwind utilities;
2025-12-09 04:21:19 +00:00: 
2025-12-09 04:21:19 +00:00: Import trace for requested module:
2025-12-09 04:21:19 +00:00: ./app/globals.css
2025-12-09 04:21:19 +00:00: ./app/layout.tsx
2025-12-09 04:21:19 +00:00:  ⨯ [Error: ENOENT: no such file or directory, open '/root/01studio/me/.next/required-server-files.json'] {
2025-12-09 04:21:19 +00:00:   errno: -2,
2025-12-09 04:21:19 +00:00:   code: 'ENOENT',
2025-12-09 04:21:19 +00:00:   syscall: 'open',
2025-12-09 04:21:19 +00:00:   path: '/root/01studio/me/.next/required-server-files.json'
2025-12-09 04:21:19 +00:00: }
2025-12-09 04:21:20 +00:00: [Error: ENOENT: no such file or directory, open '/root/01studio/me/.next/required-server-files.json'] {
2025-12-09 04:21:20 +00:00:   errno: -2,
2025-12-09 04:21:20 +00:00:   code: 'ENOENT',
2025-12-09 04:21:20 +00:00:   syscall: 'open',
2025-12-09 04:21:20 +00:00:   path: '/root/01studio/me/.next/required-server-files.json'
2025-12-09 04:21:20 +00:00: }
2025-12-09 04:21:20 +00:00: [Error: ENOENT: no such file or directory, open '/root/01studio/me/.next/required-server-files.json'] {
2025-12-09 04:21:20 +00:00:   errno: -2,
2025-12-09 04:21:20 +00:00:   code: 'ENOENT',
2025-12-09 04:21:20 +00:00:   syscall: 'open',
2025-12-09 04:21:20 +00:00:   path: '/root/01studio/me/.next/required-server-files.json'
2025-12-09 04:21:20 +00:00: }
2025-12-09 04:21:20 +00:00:  ⨯ [Error: ENOENT: no such file or directory, open '/root/01studio/me/.next/required-server-files.json'] {
2025-12-09 04:21:20 +00:00:   errno: -2,
2025-12-09 04:21:20 +00:00:   code: 'ENOENT',
2025-12-09 04:21:20 +00:00:   syscall: 'open',
2025-12-09 04:21:20 +00:00:   path: '/root/01studio/me/.next/required-server-files.json'
2025-12-09 04:21:20 +00:00: }
2025-12-09 04:21:20 +00:00: [Error: ENOENT: no such file or directory, open '/root/01studio/me/.next/required-server-files.json'] {
2025-12-09 04:21:20 +00:00:   errno: -2,
2025-12-09 04:21:20 +00:00:   code: 'ENOENT',
2025-12-09 04:21:20 +00:00:   syscall: 'open',
2025-12-09 04:21:20 +00:00:   path: '/root/01studio/me/.next/required-server-files.json'
2025-12-09 04:21:20 +00:00: }
2025-12-09 04:21:20 +00:00: [Error: ENOENT: no such file or directory, open '/root/01studio/me/.next/required-server-files.json'] {
2025-12-09 04:21:20 +00:00:   errno: -2,
2025-12-09 04:21:20 +00:00:   code: 'ENOENT',
2025-12-09 04:21:20 +00:00:   syscall: 'open',
2025-12-09 04:21:20 +00:00:   path: '/root/01studio/me/.next/required-server-files.json'
2025-12-09 04:21:20 +00:00: }
